Base path: C:/Program Files/Unity/Editor/Data
Pipe name: \\.\pipe\UnityShaderCompiler-64bit-3-6580
Cmd: getPlatforms
Cmd: compileSnippet
  api=4 type=0 insize=977 outsize=4337 kw=DIRECTIONAL SHADOWS_SCREEN LIGHTMAP_OFF DIRLIGHTMAP_OFF DYNAMICLIGHTMAP_OFF ok=1
Cmd: compileSnippet
  api=4 type=0 insize=977 outsize=5393 kw=DIRECTIONAL SHADOWS_OFF LIGHTMAP_OFF DIRLIGHTMAP_OFF DYNAMICLIGHTMAP_OFF VERTEXLIGHT_ON ok=1
Cmd: compileSnippet
  api=1 type=0 insize=977 outsize=1670 kw=DIRECTIONAL SHADOWS_SCREEN LIGHTMAP_OFF DIRLIGHTMAP_OFF DYNAMICLIGHTMAP_OFF VERTEXLIGHT_ON _NORMALMAP ok=1
Cmd: compileSnippet
  api=1 type=1 insize=977 outsize=4015 kw=DIRECTIONAL SHADOWS_OFF LIGHTMAP_OFF DIRLIGHTMAP_OFF DYNAMICLIGHTMAP_OFF _NORMALMAP ok=1
Cmd: compileSnippet
  api=1 type=0 insize=934 outsize=915 kw=SPOT SHADOWS_OFF ok=1
Cmd: compileSnippet
  api=1 type=0 insize=934 outsize=901 kw=POINT_COOKIE SHADOWS_OFF ok=1
Cmd: compileSnippet
  api=1 type=0 insize=934 outsize=1005 kw=SPOT SHADOWS_DEPTH SHADOWS_NATIVE ok=1
Cmd: compileSnippet
  api=1 type=0 insize=934 outsize=1051 kw=DIRECTIONAL_COOKIE SHADOWS_SCREEN ok=1
Cmd: compileSnippet
  api=4 type=0 insize=934 outsize=4873 kw=POINT_COOKIE SHADOWS_CUBE ok=1
Cmd: compileSnippet
  api=1 type=0 insize=934 outsize=943 kw=POINT_COOKIE SHADOWS_CUBE SHADOWS_SOFT ok=1
Cmd: compileSnippet
  api=1 type=0 insize=934 outsize=901 kw=POINT SHADOWS_OFF _NORMALMAP ok=1
Cmd: compileSnippet
  api=4 type=0 insize=934 outsize=4727 kw=POINT_COOKIE SHADOWS_OFF _NORMALMAP ok=1
Cmd: compileSnippet
  api=1 type=0 insize=934 outsize=1005 kw=SPOT SHADOWS_DEPTH SHADOWS_NATIVE _NORMALMAP ok=1
Cmd: compileSnippet
  api=1 type=0 insize=934 outsize=977 kw=DIRECTIONAL SHADOWS_SCREEN _NORMALMAP ok=1
Cmd: compileSnippet
  api=4 type=0 insize=934 outsize=4873 kw=POINT SHADOWS_CUBE _NORMALMAP ok=1
Cmd: compileSnippet
  api=1 type=0 insize=934 outsize=943 kw=POINT SHADOWS_CUBE SHADOWS_SOFT _NORMALMAP ok=1
Cmd: compileSnippet
  api=1 type=0 insize=934 outsize=943 kw=POINT_COOKIE SHADOWS_CUBE SHADOWS_SOFT _NORMALMAP ok=1
Cmd: compileSnippet
  api=4 type=1 insize=934 outsize=5889 kw=POINT SHADOWS_OFF ok=1
Cmd: compileSnippet
  api=4 type=1 insize=934 outsize=6384 kw=SPOT SHADOWS_OFF ok=1
Cmd: compileSnippet
  api=4 type=1 insize=934 outsize=5653 kw=DIRECTIONAL_COOKIE SHADOWS_OFF ok=1
Cmd: compileSnippet
  api=4 type=1 insize=934 outsize=5710 kw=DIRECTIONAL SHADOWS_SCREEN ok=1
Cmd: compileSnippet
  api=4 type=1 insize=934 outsize=6571 kw=POINT SHADOWS_CUBE ok=1
Cmd: compileSnippet
  api=4 type=1 insize=934 outsize=7587 kw=SPOT SHADOWS_DEPTH SHADOWS_SOFT SHADOWS_NATIVE ok=1
Cmd: compileSnippet
  api=4 type=1 insize=934 outsize=6604 kw=POINT SHADOWS_OFF _NORMALMAP ok=1
Cmd: compileSnippet
  api=1 type=1 insize=934 outsize=2480 kw=SPOT SHADOWS_OFF _NORMALMAP ok=1
Cmd: compileSnippet
  api=4 type=1 insize=934 outsize=7619 kw=SPOT SHADOWS_DEPTH SHADOWS_NATIVE _NORMALMAP ok=1
Cmd: compileSnippet
  api=1 type=1 insize=934 outsize=2417 kw=DIRECTIONAL_COOKIE SHADOWS_SCREEN _NORMALMAP ok=1
Cmd: compileSnippet
  api=4 type=1 insize=934 outsize=7473 kw=POINT_COOKIE SHADOWS_CUBE _NORMALMAP ok=1
Cmd: compileSnippet
  api=4 type=1 insize=934 outsize=8269 kw=SPOT SHADOWS_DEPTH SHADOWS_SOFT SHADOWS_NATIVE _NORMALMAP ok=1
Cmd: compileSnippet
  api=4 type=1 insize=934 outsize=8286 kw=POINT_COOKIE SHADOWS_CUBE SHADOWS_SOFT _NORMALMAP ok=1
Cmd: compileSnippet
  api=4 type=0 insize=751 outsize=1420 kw=SHADOWS_CUBE ok=1
Cmd: compileSnippet
  api=1 type=1 insize=751 outsize=98 kw=SHADOWS_CUBE ok=1
Cmd: compileSnippet
  api=1 type=0 insize=1148 outsize=1026 kw=LIGHTMAP_OFF DIRLIGHTMAP_OFF DYNAMICLIGHTMAP_OFF _NORMALMAP ok=1
Cmd: compileSnippet
  api=1 type=0 insize=1148 outsize=1026 kw=LIGHTMAP_OFF DIRLIGHTMAP_OFF DYNAMICLIGHTMAP_OFF UNITY_HDR_ON _NORMALMAP ok=1
Cmd: compileSnippet
  api=4 type=1 insize=1148 outsize=7790 kw=LIGHTMAP_OFF DIRLIGHTMAP_OFF DYNAMICLIGHTMAP_OFF ok=1
Cmd: compileSnippet
  api=4 type=1 insize=1148 outsize=7741 kw=LIGHTMAP_OFF DIRLIGHTMAP_OFF DYNAMICLIGHTMAP_OFF UNITY_HDR_ON ok=1
Cmd: compileSnippet
  api=8 type=0 insize=903 outsize=6346 kw=DIRECTIONAL SHADOWS_OFF LIGHTMAP_OFF DIRLIGHTMAP_OFF DYNAMICLIGHTMAP_OFF ok=1
Cmd: compileSnippet
  api=8 type=0 insize=903 outsize=8653 kw=DIRECTIONAL SHADOWS_OFF LIGHTMAP_OFF DIRLIGHTMAP_OFF DYNAMICLIGHTMAP_OFF VERTEXLIGHT_ON ok=1
Cmd: compileSnippet
  api=8 type=0 insize=903 outsize=9709 kw=DIRECTIONAL SHADOWS_SCREEN SHADOWS_NATIVE LIGHTMAP_OFF DIRLIGHTMAP_OFF DYNAMICLIGHTMAP_OFF VERTEXLIGHT_ON ok=1
Cmd: compileSnippet
  api=1 type=0 insize=903 outsize=1165 kw=DIRECTIONAL SHADOWS_SCREEN LIGHTMAP_OFF DIRLIGHTMAP_OFF DYNAMICLIGHTMAP_OFF _NORMALMAP ok=1
Cmd: compileSnippet
  api=4 type=0 insize=903 outsize=6384 kw=DIRECTIONAL SHADOWS_OFF LIGHTMAP_OFF DIRLIGHTMAP_OFF DYNAMICLIGHTMAP_OFF VERTEXLIGHT_ON _NORMALMAP ok=1
Cmd: compileSnippet
  api=8 type=0 insize=903 outsize=8353 kw=DIRECTIONAL SHADOWS_SCREEN SHADOWS_NATIVE LIGHTMAP_OFF DIRLIGHTMAP_OFF DYNAMICLIGHTMAP_OFF _NORMALMAP ok=1
Cmd: compileSnippet
  api=8 type=1 insize=903 outsize=5501 kw=DIRECTIONAL SHADOWS_OFF LIGHTMAP_OFF DIRLIGHTMAP_OFF DYNAMICLIGHTMAP_OFF ok=1
Cmd: compileSnippet
  api=4 type=1 insize=903 outsize=4394 kw=DIRECTIONAL SHADOWS_OFF LIGHTMAP_OFF DIRLIGHTMAP_OFF DYNAMICLIGHTMAP_OFF _NORMALMAP ok=1
Cmd: compileSnippet
  api=4 type=1 insize=903 outsize=4711 kw=DIRECTIONAL SHADOWS_SCREEN LIGHTMAP_OFF DIRLIGHTMAP_OFF DYNAMICLIGHTMAP_OFF _NORMALMAP ok=1
Cmd: compileSnippet
  api=1 type=0 insize=812 outsize=781 kw=DIRECTIONAL SHADOWS_OFF ok=1
Cmd: compileSnippet
  api=4 type=0 insize=812 outsize=4191 kw=DIRECTIONAL SHADOWS_OFF ok=1
Cmd: compileSnippet
  api=8 type=0 insize=812 outsize=7288 kw=SPOT SHADOWS_OFF ok=1
Cmd: compileSnippet
  api=8 type=0 insize=812 outsize=7109 kw=DIRECTIONAL_COOKIE SHADOWS_OFF ok=1
Cmd: compileSnippet
  api=1 type=0 insize=812 outsize=985 kw=DIRECTIONAL_COOKIE SHADOWS_SCREEN ok=1
Cmd: compileSnippet
  api=4 type=0 insize=812 outsize=5182 kw=POINT SHADOWS_CUBE ok=1
Cmd: compileSnippet
  api=8 type=0 insize=812 outsize=7467 kw=POINT_COOKIE SHADOWS_CUBE ok=1
Cmd: compileSnippet
  api=4 type=0 insize=812 outsize=5036 kw=POINT SHADOWS_OFF _NORMALMAP ok=1
Cmd: compileSnippet
  api=8 type=0 insize=812 outsize=6086 kw=DIRECTIONAL SHADOWS_OFF _NORMALMAP ok=1
Cmd: compileSnippet
  api=4 type=0 insize=812 outsize=5036 kw=POINT_COOKIE SHADOWS_OFF _NORMALMAP ok=1
Cmd: compileSnippet
  api=8 type=0 insize=812 outsize=7109 kw=DIRECTIONAL_COOKIE SHADOWS_OFF _NORMALMAP ok=1
Cmd: compileSnippet
  api=1 type=0 insize=812 outsize=985 kw=DIRECTIONAL_COOKIE SHADOWS_SCREEN _NORMALMAP ok=1
Cmd: compileSnippet
  api=4 type=0 insize=812 outsize=5182 kw=POINT SHADOWS_CUBE _NORMALMAP ok=1
Cmd: compileSnippet
  api=8 type=0 insize=812 outsize=7142 kw=DIRECTIONAL SHADOWS_SCREEN SHADOWS_NATIVE _NORMALMAP ok=1
Cmd: compileSnippet
  api=1 type=1 insize=812 outsize=642 kw=DIRECTIONAL SHADOWS_OFF ok=1
Cmd: compileSnippet
  api=4 type=1 insize=812 outsize=2371 kw=DIRECTIONAL SHADOWS_OFF ok=1
Cmd: compileSnippet
  api=8 type=1 insize=812 outsize=4737 kw=SPOT SHADOWS_OFF ok=1
Cmd: compileSnippet
  api=1 type=1 insize=812 outsize=934 kw=SPOT SHADOWS_DEPTH SHADOWS_NATIVE ok=1
Cmd: compileSnippet
  api=1 type=1 insize=812 outsize=707 kw=DIRECTIONAL SHADOWS_SCREEN ok=1
Cmd: compileSnippet
  api=4 type=1 insize=812 outsize=2948 kw=DIRECTIONAL_COOKIE SHADOWS_SCREEN ok=1
Cmd: compileSnippet
  api=1 type=1 insize=812 outsize=954 kw=POINT_COOKIE SHADOWS_CUBE ok=1
Cmd: compileSnippet
  api=8 type=1 insize=812 outsize=4233 kw=DIRECTIONAL SHADOWS_SCREEN SHADOWS_NATIVE ok=1
Cmd: compileSnippet
  api=4 type=1 insize=812 outsize=2891 kw=DIRECTIONAL SHADOWS_OFF _NORMALMAP ok=1
Cmd: compileSnippet
  api=4 type=1 insize=812 outsize=3703 kw=SPOT SHADOWS_OFF _NORMALMAP ok=1
Cmd: compileSnippet
  api=8 type=1 insize=812 outsize=5249 kw=POINT_COOKIE SHADOWS_OFF _NORMALMAP ok=1
Cmd: compileSnippet
  api=8 type=1 insize=812 outsize=6468 kw=SPOT SHADOWS_DEPTH SHADOWS_NATIVE _NORMALMAP ok=1
Cmd: compileSnippet
  api=4 type=1 insize=812 outsize=3890 kw=POINT SHADOWS_CUBE _NORMALMAP ok=1
Cmd: compileSnippet
  api=8 type=1 insize=812 outsize=6273 kw=POINT_COOKIE SHADOWS_CUBE _NORMALMAP ok=1
Cmd: compileSnippet
  api=8 type=0 insize=600 outsize=5395 kw=SHADOWS_DEPTH ok=1
Cmd: compileSnippet
  api=8 type=1 insize=600 outsize=601 kw=SHADOWS_DEPTH ok=1
Cmd: compileSnippet
  api=4 type=0 insize=982 outsize=5393 kw=DIRECTIONAL SHADOWS_OFF LIGHTMAP_OFF DIRLIGHTMAP_OFF DYNAMICLIGHTMAP_OFF VERTEXLIGHT_ON ok=1
Cmd: compileSnippet
  api=1 type=0 insize=982 outsize=991 kw=DIRECTIONAL SHADOWS_SCREEN LIGHTMAP_OFF DIRLIGHTMAP_OFF DYNAMICLIGHTMAP_OFF _ALPHABLEND_ON ok=1
Cmd: compileSnippet
  api=1 type=0 insize=982 outsize=1336 kw=DIRECTIONAL SHADOWS_OFF LIGHTMAP_OFF DIRLIGHTMAP_OFF DYNAMICLIGHTMAP_OFF VERTEXLIGHT_ON _ALPHABLEND_ON ok=1
Cmd: compileSnippet
  api=1 type=0 insize=982 outsize=1026 kw=DIRECTIONAL SHADOWS_OFF LIGHTMAP_OFF DIRLIGHTMAP_OFF DYNAMICLIGHTMAP_OFF _NORMALMAP ok=1
Cmd: compileSnippet
  api=1 type=0 insize=982 outsize=1670 kw=DIRECTIONAL SHADOWS_SCREEN LIGHTMAP_OFF DIRLIGHTMAP_OFF DYNAMICLIGHTMAP_OFF VERTEXLIGHT_ON _NORMALMAP ok=1
Cmd: compileSnippet
  api=1 type=1 insize=982 outsize=3819 kw=DIRECTIONAL SHADOWS_SCREEN LIGHTMAP_OFF DIRLIGHTMAP_OFF DYNAMICLIGHTMAP_OFF ok=1
Cmd: compileSnippet
  api=1 type=1 insize=982 outsize=4044 kw=DIRECTIONAL SHADOWS_OFF LIGHTMAP_OFF DIRLIGHTMAP_OFF DYNAMICLIGHTMAP_OFF _NORMALMAP ok=1
Cmd: compileSnippet
  api=4 type=0 insize=938 outsize=4727 kw=POINT SHADOWS_OFF ok=1
Cmd: compileSnippet
  api=1 type=0 insize=938 outsize=882 kw=DIRECTIONAL_COOKIE SHADOWS_OFF ok=1
Cmd: compileSnippet
  api=1 type=0 insize=938 outsize=1005 kw=SPOT SHADOWS_DEPTH SHADOWS_NATIVE ok=1
Cmd: compileSnippet
  api=4 type=0 insize=938 outsize=4394 kw=DIRECTIONAL SHADOWS_SCREEN ok=1
Cmd: compileSnippet
  api=4 type=0 insize=938 outsize=4873 kw=POINT_COOKIE SHADOWS_CUBE ok=1
Cmd: compileSnippet
  api=4 type=0 insize=938 outsize=4873 kw=POINT SHADOWS_CUBE SHADOWS_SOFT ok=1
Cmd: compileSnippet
  api=1 type=0 insize=938 outsize=808 kw=DIRECTIONAL SHADOWS_OFF _ALPHABLEND_ON ok=1
Cmd: compileSnippet
  api=1 type=0 insize=938 outsize=915 kw=SPOT SHADOWS_OFF _ALPHABLEND_ON ok=1
Cmd: compileSnippet
  api=1 type=0 insize=938 outsize=882 kw=DIRECTIONAL_COOKIE SHADOWS_OFF _ALPHABLEND_ON ok=1
Cmd: compileSnippet
  api=1 type=0 insize=938 outsize=977 kw=DIRECTIONAL SHADOWS_SCREEN _ALPHABLEND_ON ok=1
Cmd: compileSnippet
  api=1 type=0 insize=938 outsize=943 kw=POINT SHADOWS_CUBE _ALPHABLEND_ON ok=1
Cmd: compileSnippet
  api=1 type=0 insize=938 outsize=1005 kw=SPOT SHADOWS_DEPTH SHADOWS_SOFT SHADOWS_NATIVE _ALPHABLEND_ON ok=1
Cmd: compileSnippet
  api=4 type=0 insize=938 outsize=4873 kw=POINT_COOKIE SHADOWS_CUBE SHADOWS_SOFT _ALPHABLEND_ON ok=1
Cmd: compileSnippet
  api=1 type=0 insize=938 outsize=915 kw=SPOT SHADOWS_OFF _NORMALMAP ok=1
Cmd: compileSnippet
  api=1 type=0 insize=938 outsize=882 kw=DIRECTIONAL_COOKIE SHADOWS_OFF _NORMALMAP ok=1
Cmd: compileSnippet
  api=1 type=0 insize=938 outsize=977 kw=DIRECTIONAL SHADOWS_SCREEN _NORMALMAP ok=1
Cmd: compileSnippet
  api=1 type=0 insize=938 outsize=943 kw=POINT SHADOWS_CUBE _NORMALMAP ok=1
Cmd: compileSnippet
  api=1 type=0 insize=938 outsize=1005 kw=SPOT SHADOWS_DEPTH SHADOWS_SOFT SHADOWS_NATIVE _NORMALMAP ok=1
Cmd: compileSnippet
  api=1 type=0 insize=938 outsize=943 kw=POINT_COOKIE SHADOWS_CUBE SHADOWS_SOFT _NORMALMAP ok=1
Cmd: compileSnippet
  api=1 type=1 insize=938 outsize=2070 kw=DIRECTIONAL SHADOWS_OFF ok=1
Cmd: compileSnippet
  api=4 type=1 insize=938 outsize=6149 kw=POINT_COOKIE SHADOWS_OFF ok=1
Cmd: compileSnippet
  api=4 type=1 insize=938 outsize=5767 kw=DIRECTIONAL_COOKIE SHADOWS_OFF ok=1
Cmd: compileSnippet
  api=4 type=1 insize=938 outsize=6084 kw=DIRECTIONAL_COOKIE SHADOWS_SCREEN ok=1
Cmd: compileSnippet
  api=1 type=1 insize=938 outsize=2412 kw=POINT_COOKIE SHADOWS_CUBE ok=1
Cmd: compileSnippet
  api=4 type=1 insize=938 outsize=7489 kw=POINT SHADOWS_CUBE SHADOWS_SOFT ok=1
Cmd: compileSnippet
  api=4 type=1 insize=938 outsize=5986 kw=POINT SHADOWS_OFF _ALPHABLEND_ON ok=1
Cmd: compileSnippet
  api=4 type=1 insize=938 outsize=6482 kw=SPOT SHADOWS_OFF _ALPHABLEND_ON ok=1
Cmd: compileSnippet
  api=1 type=1 insize=938 outsize=2396 kw=SPOT SHADOWS_DEPTH SHADOWS_NATIVE _ALPHABLEND_ON ok=1
Cmd: compileSnippet
  api=4 type=1 insize=938 outsize=6108 kw=DIRECTIONAL_COOKIE SHADOWS_SCREEN _ALPHABLEND_ON ok=1
Cmd: compileSnippet
  api=1 type=1 insize=938 outsize=2438 kw=POINT_COOKIE SHADOWS_CUBE _ALPHABLEND_ON ok=1
Cmd: compileSnippet
  api=1 type=1 insize=938 outsize=2619 kw=POINT SHADOWS_CUBE SHADOWS_SOFT _ALPHABLEND_ON ok=1
Cmd: compileSnippet
  api=4 type=1 insize=938 outsize=7701 kw=POINT_COOKIE SHADOWS_CUBE SHADOWS_SOFT _ALPHABLEND_ON ok=1
Cmd: compileSnippet
  api=4 type=1 insize=938 outsize=7213 kw=SPOT SHADOWS_OFF _NORMALMAP ok=1
Cmd: compileSnippet
  api=1 type=1 insize=938 outsize=2372 kw=DIRECTIONAL_COOKIE SHADOWS_OFF _NORMALMAP ok=1
Cmd: compileSnippet
  api=4 type=1 insize=938 outsize=6523 kw=DIRECTIONAL SHADOWS_SCREEN _NORMALMAP ok=1
Cmd: compileSnippet
  api=4 type=1 insize=938 outsize=6783 kw=DIRECTIONAL_COOKIE SHADOWS_SCREEN _NORMALMAP ok=1
Cmd: compileSnippet
  api=4 type=1 insize=938 outsize=7587 kw=POINT_COOKIE SHADOWS_CUBE _NORMALMAP ok=1
Cmd: compileSnippet
  api=4 type=1 insize=938 outsize=8172 kw=POINT SHADOWS_CUBE SHADOWS_SOFT _NORMALMAP ok=1
Cmd: compileSnippet
  api=4 type=0 insize=751 outsize=1420 kw=SHADOWS_CUBE ok=1
Cmd: compileSnippet
  api=1 type=0 insize=751 outsize=262 kw=SHADOWS_CUBE _ALPHABLEND_ON ok=1
Cmd: compileSnippet
  api=1 type=1 insize=751 outsize=98 kw=SHADOWS_CUBE ok=1
Cmd: compileSnippet
  api=1 type=1 insize=751 outsize=331 kw=SHADOWS_CUBE _ALPHABLEND_ON ok=1
Cmd: compileSnippet
  api=1 type=0 insize=1152 outsize=842 kw=LIGHTMAP_OFF DIRLIGHTMAP_OFF DYNAMICLIGHTMAP_OFF _ALPHABLEND_ON ok=1
Cmd: compileSnippet
  api=1 type=0 insize=1152 outsize=842 kw=LIGHTMAP_OFF DIRLIGHTMAP_OFF DYNAMICLIGHTMAP_OFF UNITY_HDR_ON ok=1
Cmd: compileSnippet
  api=1 type=0 insize=1152 outsize=1026 kw=LIGHTMAP_OFF DIRLIGHTMAP_OFF DYNAMICLIGHTMAP_OFF UNITY_HDR_ON _NORMALMAP ok=1
Cmd: compileSnippet
  api=4 type=1 insize=1152 outsize=7855 kw=LIGHTMAP_OFF DIRLIGHTMAP_OFF DYNAMICLIGHTMAP_OFF _ALPHABLEND_ON ok=1
Cmd: compileSnippet
  api=4 type=1 insize=1152 outsize=8643 kw=LIGHTMAP_OFF DIRLIGHTMAP_OFF DYNAMICLIGHTMAP_OFF _NORMALMAP ok=1
Cmd: compileSnippet
  api=4 type=1 insize=1152 outsize=7806 kw=LIGHTMAP_OFF DIRLIGHTMAP_OFF DYNAMICLIGHTMAP_OFF UNITY_HDR_ON _ALPHABLEND_ON ok=1
Cmd: compileSnippet
  api=4 type=0 insize=886 outsize=4313 kw=DIRECTIONAL SHADOWS_OFF LIGHTMAP_OFF DIRLIGHTMAP_OFF DYNAMICLIGHTMAP_OFF ok=1
Cmd: compileSnippet
  api=4 type=0 insize=886 outsize=5726 kw=DIRECTIONAL SHADOWS_OFF LIGHTMAP_OFF DIRLIGHTMAP_OFF DYNAMICLIGHTMAP_OFF VERTEXLIGHT_ON ok=1
Cmd: compileSnippet
  api=8 type=0 insize=886 outsize=7402 kw=DIRECTIONAL SHADOWS_SCREEN SHADOWS_NATIVE LIGHTMAP_OFF DIRLIGHTMAP_OFF DYNAMICLIGHTMAP_OFF ok=1
Cmd: compileSnippet
  api=8 type=0 insize=886 outsize=6346 kw=DIRECTIONAL SHADOWS_OFF LIGHTMAP_OFF DIRLIGHTMAP_OFF DYNAMICLIGHTMAP_OFF _ALPHABLEND_ON ok=1
Cmd: compileSnippet
  api=8 type=0 insize=886 outsize=8653 kw=DIRECTIONAL SHADOWS_OFF LIGHTMAP_OFF DIRLIGHTMAP_OFF DYNAMICLIGHTMAP_OFF VERTEXLIGHT_ON _ALPHABLEND_ON ok=1
Cmd: compileSnippet
  api=8 type=0 insize=886 outsize=9709 kw=DIRECTIONAL SHADOWS_SCREEN SHADOWS_NATIVE LIGHTMAP_OFF DIRLIGHTMAP_OFF DYNAMICLIGHTMAP_OFF VERTEXLIGHT_ON _ALPHABLEND_ON ok=1
Cmd: compileSnippet
  api=1 type=0 insize=886 outsize=1165 kw=DIRECTIONAL SHADOWS_SCREEN LIGHTMAP_OFF DIRLIGHTMAP_OFF DYNAMICLIGHTMAP_OFF _NORMALMAP ok=1
Cmd: compileSnippet
  api=4 type=0 insize=886 outsize=6384 kw=DIRECTIONAL SHADOWS_OFF LIGHTMAP_OFF DIRLIGHTMAP_OFF DYNAMICLIGHTMAP_OFF VERTEXLIGHT_ON _NORMALMAP ok=1
Cmd: compileSnippet
  api=8 type=0 insize=886 outsize=8353 kw=DIRECTIONAL SHADOWS_SCREEN SHADOWS_NATIVE LIGHTMAP_OFF DIRLIGHTMAP_OFF DYNAMICLIGHTMAP_OFF _NORMALMAP ok=1
Cmd: compileSnippet
  api=1 type=1 insize=886 outsize=1191 kw=DIRECTIONAL SHADOWS_SCREEN LIGHTMAP_OFF DIRLIGHTMAP_OFF DYNAMICLIGHTMAP_OFF ok=1
Cmd: compileSnippet
  api=4 type=1 insize=886 outsize=4337 kw=DIRECTIONAL SHADOWS_SCREEN LIGHTMAP_OFF DIRLIGHTMAP_OFF DYNAMICLIGHTMAP_OFF ok=1
Cmd: compileSnippet
  api=8 type=1 insize=886 outsize=5866 kw=DIRECTIONAL SHADOWS_OFF LIGHTMAP_OFF DIRLIGHTMAP_OFF DYNAMICLIGHTMAP_OFF _ALPHABLEND_ON ok=1
Cmd: compileSnippet
  api=8 type=1 insize=886 outsize=6882 kw=DIRECTIONAL SHADOWS_OFF LIGHTMAP_OFF DIRLIGHTMAP_OFF DYNAMICLIGHTMAP_OFF _NORMALMAP ok=1
Cmd: compileSnippet
  api=8 type=0 insize=816 outsize=7288 kw=POINT SHADOWS_OFF ok=1
Cmd: compileSnippet
  api=4 type=0 insize=816 outsize=5036 kw=SPOT SHADOWS_OFF ok=1
Cmd: compileSnippet
  api=4 type=0 insize=816 outsize=5036 kw=POINT_COOKIE SHADOWS_OFF ok=1
Cmd: compileSnippet
  api=4 type=0 insize=816 outsize=4881 kw=DIRECTIONAL_COOKIE SHADOWS_OFF ok=1
Cmd: compileSnippet
  api=1 type=0 insize=816 outsize=929 kw=DIRECTIONAL SHADOWS_SCREEN ok=1
Cmd: compileSnippet
  api=1 type=0 insize=816 outsize=985 kw=DIRECTIONAL_COOKIE SHADOWS_SCREEN ok=1
Cmd: compileSnippet
  api=8 type=0 insize=816 outsize=7467 kw=POINT SHADOWS_CUBE ok=1
Cmd: compileSnippet
  api=1 type=0 insize=816 outsize=871 kw=POINT SHADOWS_OFF _ALPHABLEND_ON ok=1
Cmd: compileSnippet
  api=1 type=0 insize=816 outsize=781 kw=DIRECTIONAL SHADOWS_OFF _ALPHABLEND_ON ok=1
Cmd: compileSnippet
  api=4 type=0 insize=816 outsize=5036 kw=SPOT SHADOWS_OFF _ALPHABLEND_ON ok=1
Cmd: compileSnippet
  api=1 type=0 insize=816 outsize=837 kw=DIRECTIONAL_COOKIE SHADOWS_OFF _ALPHABLEND_ON ok=1
Cmd: compileSnippet
  api=1 type=0 insize=816 outsize=967 kw=SPOT SHADOWS_DEPTH SHADOWS_NATIVE _ALPHABLEND_ON ok=1
Cmd: compileSnippet
  api=4 type=0 insize=816 outsize=4548 kw=DIRECTIONAL SHADOWS_SCREEN _ALPHABLEND_ON ok=1
Cmd: compileSnippet
  api=1 type=0 insize=816 outsize=893 kw=POINT SHADOWS_CUBE _ALPHABLEND_ON ok=1
Cmd: compileSnippet
  api=4 type=0 insize=816 outsize=5182 kw=POINT_COOKIE SHADOWS_CUBE _ALPHABLEND_ON ok=1
Cmd: compileSnippet
  api=1 type=0 insize=816 outsize=871 kw=POINT SHADOWS_OFF _NORMALMAP ok=1
Cmd: compileSnippet
  api=4 type=0 insize=816 outsize=4191 kw=DIRECTIONAL SHADOWS_OFF _NORMALMAP ok=1
Cmd: compileSnippet
  api=4 type=0 insize=816 outsize=5036 kw=SPOT SHADOWS_OFF _NORMALMAP ok=1
Cmd: compileSnippet
  api=4 type=0 insize=816 outsize=5036 kw=POINT_COOKIE SHADOWS_OFF _NORMALMAP ok=1
Cmd: compileSnippet
  api=1 type=0 insize=816 outsize=967 kw=SPOT SHADOWS_DEPTH SHADOWS_NATIVE _NORMALMAP ok=1
Cmd: compileSnippet
  api=1 type=0 insize=816 outsize=929 kw=DIRECTIONAL SHADOWS_SCREEN _NORMALMAP ok=1
Cmd: compileSnippet
  api=4 type=0 insize=816 outsize=5239 kw=DIRECTIONAL_COOKIE SHADOWS_SCREEN _NORMALMAP ok=1
Cmd: compileSnippet
  api=8 type=0 insize=816 outsize=7467 kw=POINT_COOKIE SHADOWS_CUBE _NORMALMAP ok=1
Cmd: compileSnippet
  api=1 type=1 insize=816 outsize=724 kw=DIRECTIONAL SHADOWS_OFF ok=1
Cmd: compileSnippet
  api=4 type=1 insize=816 outsize=2582 kw=DIRECTIONAL SHADOWS_OFF ok=1
Cmd: compileSnippet
  api=8 type=1 insize=816 outsize=5086 kw=SPOT SHADOWS_OFF ok=1
Cmd: compileSnippet
  api=8 type=1 insize=816 outsize=4274 kw=DIRECTIONAL_COOKIE SHADOWS_OFF ok=1
Cmd: compileSnippet
  api=4 type=1 insize=816 outsize=2899 kw=DIRECTIONAL SHADOWS_SCREEN ok=1
Cmd: compileSnippet
  api=4 type=1 insize=816 outsize=3159 kw=DIRECTIONAL_COOKIE SHADOWS_SCREEN ok=1
Cmd: compileSnippet
  api=8 type=1 insize=816 outsize=5460 kw=POINT SHADOWS_CUBE ok=1
Cmd: compileSnippet
  api=8 type=1 insize=816 outsize=4989 kw=DIRECTIONAL_COOKIE SHADOWS_SCREEN SHADOWS_NATIVE ok=1
Cmd: compileSnippet
  api=4 type=1 insize=816 outsize=2606 kw=DIRECTIONAL SHADOWS_OFF _ALPHABLEND_ON ok=1
Cmd: compileSnippet
  api=4 type=1 insize=816 outsize=3419 kw=SPOT SHADOWS_OFF _ALPHABLEND_ON ok=1
Cmd: compileSnippet
  api=1 type=1 insize=816 outsize=784 kw=DIRECTIONAL_COOKIE SHADOWS_OFF _ALPHABLEND_ON ok=1
Cmd: compileSnippet
  api=1 type=1 insize=816 outsize=1040 kw=SPOT SHADOWS_DEPTH SHADOWS_NATIVE _ALPHABLEND_ON ok=1
Cmd: compileSnippet
  api=4 type=1 insize=816 outsize=2923 kw=DIRECTIONAL SHADOWS_SCREEN _ALPHABLEND_ON ok=1
Cmd: compileSnippet
  api=8 type=1 insize=816 outsize=5493 kw=POINT SHADOWS_CUBE _ALPHABLEND_ON ok=1
Cmd: compileSnippet
  api=1 type=1 insize=816 outsize=1075 kw=POINT SHADOWS_OFF _NORMALMAP ok=1
Cmd: compileSnippet
  api=4 type=1 insize=816 outsize=3419 kw=POINT SHADOWS_OFF _NORMALMAP ok=1
Cmd: compileSnippet
  api=8 type=1 insize=816 outsize=4818 kw=DIRECTIONAL SHADOWS_OFF _NORMALMAP ok=1
Cmd: compileSnippet
  api=1 type=1 insize=816 outsize=1100 kw=POINT_COOKIE SHADOWS_OFF _NORMALMAP ok=1
Cmd: compileSnippet
  api=1 type=1 insize=816 outsize=1051 kw=DIRECTIONAL_COOKIE SHADOWS_OFF _NORMALMAP ok=1
Cmd: compileSnippet
  api=4 type=1 insize=816 outsize=4434 kw=SPOT SHADOWS_DEPTH SHADOWS_NATIVE _NORMALMAP ok=1
Cmd: compileSnippet
  api=4 type=1 insize=816 outsize=3679 kw=DIRECTIONAL_COOKIE SHADOWS_SCREEN _NORMALMAP ok=1
Cmd: compileSnippet
  api=1 type=1 insize=816 outsize=1282 kw=POINT_COOKIE SHADOWS_CUBE _NORMALMAP ok=1
Cmd: compileSnippet
  api=8 type=1 insize=816 outsize=5509 kw=DIRECTIONAL SHADOWS_SCREEN SHADOWS_NATIVE _NORMALMAP ok=1
Cmd: compileSnippet
  api=8 type=0 insize=600 outsize=5395 kw=SHADOWS_DEPTH ok=1
Cmd: compileSnippet
  api=4 type=0 insize=600 outsize=3776 kw=SHADOWS_DEPTH _ALPHABLEND_ON ok=1
Cmd: compileSnippet
  api=4 type=0 insize=600 outsize=1639 kw=SHADOWS_CUBE _ALPHABLEND_ON ok=1
Cmd: compileSnippet
  api=1 type=1 insize=600 outsize=67 kw=SHADOWS_DEPTH ok=1
Cmd: compileSnippet
  api=1 type=1 insize=600 outsize=103 kw=SHADOWS_CUBE ok=1
Cmd: compileSnippet
  api=1 type=1 insize=600 outsize=159 kw=SHADOWS_DEPTH _ALPHABLEND_ON ok=1
Cmd: compileSnippet
  api=1 type=1 insize=600 outsize=195 kw=SHADOWS_CUBE _ALPHABLEND_ON ok=1
Cmd: compileSnippet
  api=8 type=0 insize=9591 outsize=17063 kw= ok=1
Cmd: compileSnippet
  api=4 type=1 insize=9591 outsize=2533 kw= ok=1
Cmd: compileSnippet
  api=8 type=1 insize=9591 outsize=4249 kw=UNITY_COLORSPACE_GAMMA ok=1
Cmd: compileSnippet
  api=8 type=0 insize=541 outsize=5395 kw=SHADOWS_DEPTH ok=1
Cmd: compileSnippet
  api=1 type=1 insize=541 outsize=61 kw=SHADOWS_DEPTH ok=1
Cmd: compileSnippet
  api=8 type=1 insize=541 outsize=1008 kw=SHADOWS_CUBE ok=1
Cmd: compileSnippet
  api=4 type=0 insize=6810 outsize=4053 kw=DIRECTIONAL SHADOWS_SCREEN LIGHTMAP_OFF DIRLIGHTMAP_OFF DYNAMICLIGHTMAP_OFF ok=1
Cmd: compileSnippet
  api=8 type=0 insize=6810 outsize=7605 kw=DIRECTIONAL SHADOWS_OFF LIGHTMAP_OFF DIRLIGHTMAP_OFF DYNAMICLIGHTMAP_OFF VERTEXLIGHT_ON ok=1
Cmd: compileSnippet
  api=8 type=1 insize=6810 outsize=1950 kw=DIRECTIONAL SHADOWS_OFF LIGHTMAP_OFF DIRLIGHTMAP_OFF DYNAMICLIGHTMAP_OFF ok=1
Cmd: compileSnippet
  api=1 type=0 insize=3647 outsize=339 kw=DIRECTIONAL ok=1
Cmd: compileSnippet
  api=8 type=0 insize=3647 outsize=3892 kw=DIRECTIONAL ok=1
Cmd: compileSnippet
  api=8 type=0 insize=3647 outsize=3892 kw=POINT_COOKIE ok=1
Cmd: compileSnippet
  api=8 type=1 insize=3647 outsize=2876 kw=POINT ok=1
Cmd: compileSnippet
  api=8 type=1 insize=3647 outsize=3575 kw=SPOT ok=1
Cmd: compileSnippet
  api=8 type=1 insize=3647 outsize=3185 kw=POINT_COOKIE ok=1
Cmd: compileSnippet
  api=1 type=0 insize=5995 outsize=707 kw=LIGHTMAP_OFF DIRLIGHTMAP_OFF DYNAMICLIGHTMAP_OFF UNITY_HDR_ON ok=1
Cmd: compileSnippet
  api=8 type=0 insize=5995 outsize=5826 kw=LIGHTMAP_OFF DIRLIGHTMAP_OFF DYNAMICLIGHTMAP_OFF UNITY_HDR_ON ok=1
Cmd: compileSnippet
  api=4 type=1 insize=5995 outsize=1363 kw=LIGHTMAP_OFF DIRLIGHTMAP_OFF DYNAMICLIGHTMAP_OFF HDR_LIGHT_PREPASS_OFF ok=1
Cmd: compileSnippet
  api=4 type=1 insize=5995 outsize=1314 kw=LIGHTMAP_OFF DIRLIGHTMAP_OFF DYNAMICLIGHTMAP_OFF UNITY_HDR_ON ok=1
Cmd: compileSnippet
  api=8 type=0 insize=5928 outsize=5395 kw=LIGHTMAP_OFF DIRLIGHTMAP_OFF DYNAMICLIGHTMAP_OFF HDR_LIGHT_PREPASS_OFF ok=1
Cmd: compileSnippet
  api=8 type=1 insize=5928 outsize=2356 kw=LIGHTMAP_OFF DIRLIGHTMAP_OFF DYNAMICLIGHTMAP_OFF HDR_LIGHT_PREPASS_OFF ok=1
Cmd: compileSnippet
  api=1 type=0 insize=1275 outsize=441 kw=POINT SHADOWS_OFF ok=1
Cmd: compileSnippet
  api=1 type=0 insize=1275 outsize=441 kw=SPOT SHADOWS_OFF ok=1
Cmd: compileSnippet
  api=1 type=0 insize=1275 outsize=441 kw=DIRECTIONAL_COOKIE SHADOWS_OFF ok=1
Cmd: compileSnippet
  api=4 type=0 insize=1275 outsize=1956 kw=DIRECTIONAL SHADOWS_SCREEN ok=1
Cmd: compileSnippet
  api=4 type=0 insize=1275 outsize=1956 kw=POINT SHADOWS_CUBE ok=1
Cmd: compileSnippet
  api=1 type=0 insize=1275 outsize=441 kw=POINT SHADOWS_CUBE SHADOWS_SOFT ok=1
Cmd: compileSnippet
  api=1 type=1 insize=1275 outsize=1230 kw=DIRECTIONAL SHADOWS_OFF ok=1
Cmd: compileSnippet
  api=4 type=1 insize=1275 outsize=4995 kw=POINT_COOKIE SHADOWS_OFF ok=1
Cmd: compileSnippet
  api=4 type=1 insize=1275 outsize=6059 kw=SPOT SHADOWS_DEPTH SHADOWS_NATIVE ok=1
Cmd: compileSnippet
  api=4 type=1 insize=1275 outsize=4865 kw=DIRECTIONAL_COOKIE SHADOWS_SCREEN ok=1
Cmd: compileSnippet
  api=4 type=1 insize=1275 outsize=5515 kw=POINT_COOKIE SHADOWS_CUBE ok=1
Cmd: compileSnippet
  api=1 type=1 insize=1275 outsize=1894 kw=POINT SHADOWS_CUBE SHADOWS_SOFT ok=1
Cmd: compileSnippet
  api=1 type=1 insize=1275 outsize=2017 kw=POINT_COOKIE SHADOWS_CUBE SHADOWS_SOFT ok=1
Cmd: compileSnippet
  api=4 type=0 insize=1268 outsize=1956 kw=DIRECTIONAL SHADOWS_OFF ok=1
Cmd: compileSnippet
  api=4 type=0 insize=1268 outsize=1956 kw=POINT_COOKIE SHADOWS_OFF ok=1
Cmd: compileSnippet
  api=4 type=0 insize=1268 outsize=1956 kw=SPOT SHADOWS_DEPTH SHADOWS_NATIVE ok=1
Cmd: compileSnippet
  api=4 type=0 insize=1268 outsize=1956 kw=DIRECTIONAL_COOKIE SHADOWS_SCREEN ok=1
Cmd: compileSnippet
  api=4 type=0 insize=1268 outsize=1956 kw=POINT_COOKIE SHADOWS_CUBE ok=1
Cmd: compileSnippet
  api=4 type=0 insize=1268 outsize=1956 kw=POINT SHADOWS_CUBE SHADOWS_SOFT ok=1
Cmd: compileSnippet
  api=1 type=1 insize=1268 outsize=1151 kw=DIRECTIONAL SHADOWS_OFF ok=1
Cmd: compileSnippet
  api=4 type=1 insize=1268 outsize=5158 kw=SPOT SHADOWS_OFF ok=1
Cmd: compileSnippet
  api=1 type=1 insize=1268 outsize=1698 kw=SPOT SHADOWS_DEPTH SHADOWS_NATIVE ok=1
Cmd: compileSnippet
  api=1 type=1 insize=1268 outsize=1372 kw=DIRECTIONAL_COOKIE SHADOWS_SCREEN ok=1
Cmd: compileSnippet
  api=1 type=1 insize=1268 outsize=1655 kw=POINT_COOKIE SHADOWS_CUBE ok=1
Cmd: compileSnippet
  api=1 type=1 insize=1268 outsize=1815 kw=POINT SHADOWS_CUBE SHADOWS_SOFT ok=1
Cmd: compileSnippet
  api=4 type=1 insize=1268 outsize=6238 kw=POINT_COOKIE SHADOWS_CUBE SHADOWS_SOFT ok=1
Cmd: compileSnippet
  api=4 type=0 insize=1273 outsize=1956 kw=POINT SHADOWS_OFF ok=1
Cmd: compileSnippet
  api=4 type=0 insize=1273 outsize=1956 kw=SPOT SHADOWS_OFF ok=1
Cmd: compileSnippet
  api=1 type=0 insize=1273 outsize=441 kw=SPOT SHADOWS_DEPTH SHADOWS_NATIVE ok=1
Cmd: compileSnippet
  api=4 type=0 insize=1273 outsize=1956 kw=DIRECTIONAL SHADOWS_SCREEN ok=1
Cmd: compileSnippet
  api=1 type=0 insize=1273 outsize=441 kw=POINT_COOKIE SHADOWS_CUBE ok=1
Cmd: compileSnippet
  api=4 type=0 insize=1273 outsize=1956 kw=SPOT SHADOWS_DEPTH SHADOWS_SOFT SHADOWS_NATIVE ok=1
Cmd: compileSnippet
  api=1 type=1 insize=1273 outsize=1156 kw=DIRECTIONAL SHADOWS_OFF ok=1
Cmd: compileSnippet
  api=1 type=1 insize=1273 outsize=1525 kw=SPOT SHADOWS_OFF ok=1
Cmd: compileSnippet
  api=4 type=1 insize=1273 outsize=4483 kw=DIRECTIONAL_COOKIE SHADOWS_OFF ok=1
Cmd: compileSnippet
  api=4 type=1 insize=1273 outsize=4207 kw=DIRECTIONAL SHADOWS_SCREEN ok=1
Cmd: compileSnippet
  api=4 type=1 insize=1273 outsize=5466 kw=POINT_COOKIE SHADOWS_CUBE ok=1
Cmd: compileSnippet
  api=4 type=1 insize=1273 outsize=5759 kw=POINT SHADOWS_CUBE SHADOWS_SOFT ok=1
Cmd: compileSnippet
  api=1 type=0 insize=1934 outsize=441 kw=DIRECTIONAL SHADOWS_OFF ok=1
Cmd: compileSnippet
  api=4 type=0 insize=1934 outsize=1956 kw=SPOT SHADOWS_OFF ok=1
Cmd: compileSnippet
  api=1 type=0 insize=1934 outsize=441 kw=SPOT SHADOWS_DEPTH SHADOWS_NATIVE ok=1
Cmd: compileSnippet
  api=1 type=0 insize=1934 outsize=441 kw=DIRECTIONAL SHADOWS_SCREEN ok=1
Cmd: compileSnippet
  api=1 type=0 insize=1934 outsize=441 kw=POINT SHADOWS_CUBE ok=1
Cmd: compileSnippet
  api=1 type=0 insize=1934 outsize=441 kw=SPOT SHADOWS_DEPTH SHADOWS_SOFT SHADOWS_NATIVE ok=1
Cmd: compileSnippet
  api=1 type=0 insize=1934 outsize=441 kw=POINT_COOKIE SHADOWS_CUBE SHADOWS_SOFT ok=1
Cmd: compileSnippet
  api=1 type=0 insize=1934 outsize=441 kw=DIRECTIONAL SHADOWS_OFF UNITY_HDR_ON ok=1
Cmd: compileSnippet
  api=1 type=0 insize=1934 outsize=441 kw=SPOT SHADOWS_OFF UNITY_HDR_ON ok=1
Cmd: compileSnippet
  api=1 type=0 insize=1934 outsize=441 kw=DIRECTIONAL_COOKIE SHADOWS_OFF UNITY_HDR_ON ok=1
Cmd: compileSnippet
  api=4 type=0 insize=1934 outsize=1956 kw=SPOT SHADOWS_DEPTH SHADOWS_NATIVE UNITY_HDR_ON ok=1
Cmd: compileSnippet
  api=4 type=0 insize=1934 outsize=1956 kw=DIRECTIONAL_COOKIE SHADOWS_SCREEN UNITY_HDR_ON ok=1
Cmd: compileSnippet
  api=4 type=0 insize=1934 outsize=1956 kw=POINT_COOKIE SHADOWS_CUBE UNITY_HDR_ON ok=1
Cmd: compileSnippet
  api=1 type=0 insize=1934 outsize=441 kw=POINT_COOKIE SHADOWS_CUBE SHADOWS_SOFT UNITY_HDR_ON ok=1
Cmd: compileSnippet
  api=1 type=1 insize=1934 outsize=2201 kw=DIRECTIONAL SHADOWS_OFF ok=1
Cmd: compileSnippet
  api=1 type=1 insize=1934 outsize=2485 kw=POINT_COOKIE SHADOWS_OFF ok=1
Cmd: compileSnippet
  api=4 type=1 insize=1934 outsize=6604 kw=DIRECTIONAL_COOKIE SHADOWS_OFF ok=1
Cmd: compileSnippet
  api=1 type=1 insize=1934 outsize=2506 kw=DIRECTIONAL SHADOWS_SCREEN ok=1
Cmd: compileSnippet
  api=4 type=1 insize=1934 outsize=7091 kw=POINT SHADOWS_CUBE ok=1
Cmd: compileSnippet
  api=1 type=1 insize=1934 outsize=2765 kw=POINT SHADOWS_CUBE SHADOWS_SOFT ok=1
Cmd: compileSnippet
  api=4 type=1 insize=1934 outsize=6490 kw=POINT SHADOWS_OFF UNITY_HDR_ON ok=1
Cmd: compileSnippet
  api=4 type=1 insize=1934 outsize=7270 kw=SPOT SHADOWS_OFF UNITY_HDR_ON ok=1
Cmd: compileSnippet
  api=1 type=1 insize=1934 outsize=2245 kw=DIRECTIONAL_COOKIE SHADOWS_OFF UNITY_HDR_ON ok=1
Cmd: compileSnippet
  api=1 type=1 insize=1934 outsize=2445 kw=DIRECTIONAL SHADOWS_SCREEN UNITY_HDR_ON ok=1
Cmd: compileSnippet
  api=4 type=1 insize=1934 outsize=7043 kw=POINT SHADOWS_CUBE UNITY_HDR_ON ok=1
Cmd: compileSnippet
  api=4 type=1 insize=1934 outsize=9098 kw=SPOT SHADOWS_DEPTH SHADOWS_SOFT SHADOWS_NATIVE UNITY_HDR_ON ok=1
Cmd: compileSnippet
  api=1 type=0 insize=683 outsize=157 kw= ok=1
Cmd: compileSnippet
  api=4 type=0 insize=1051 outsize=1266 kw= ok=1
Cmd: compileSnippet
  api=8 type=1 insize=1089 outsize=1430 kw= ok=1
Cmd: compileSnippet
  api=4 type=0 insize=6638 outsize=1071 kw= ok=1
Cmd: compileSnippet
  api=8 type=0 insize=6638 outsize=1519 kw= ok=1
Cmd: compileSnippet
  api=4 type=1 insize=701 outsize=673 kw= ok=1
Cmd: compileSnippet
  api=4 type=0 insize=701 outsize=1071 kw= ok=1
Cmd: compileSnippet
  api=8 type=1 insize=701 outsize=983 kw= ok=1
Cmd: compileSnippet
  api=1 type=0 insize=1032 outsize=159 kw= ok=1
Cmd: compileSnippet
  api=8 type=0 insize=1032 outsize=1454 kw= ok=1
Cmd: compileSnippet
  api=8 type=1 insize=1032 outsize=1861 kw= ok=1
Unhandled exception: Readfile from pipe failed. GLE=The pipe has been ended.


Quitting shader compiler process
